<?xml version="1.0" encoding="UTF-8"?>
<testsuite name="BlackjackTest" tests="55" skipped="0" failures="0" errors="0" timestamp="2022-03-24T17:33:48" hostname="CLEONILDO-JUNIO" time="0.039">
  <properties/>
  <testcase name="blackjackWithKingAceSecond" classname="BlackjackTest" time="0.027"/>
  <testcase name="firstTurnWithAceAceAndDealerAce" classname="BlackjackTest" time="0.002"/>
  <testcase name="firstTurnWithTwoNineAndDealerQueen" classname="BlackjackTest" time="0.0"/>
  <testcase name="firstTurnWithKingSevenAndDealerAce" classname="BlackjackTest" time="0.0"/>
  <testcase name="firstTurnWithTwoTenAndDealerQueen" classname="BlackjackTest" time="0.0"/>
  <testcase name="firstTurnWithTwoTenAndDealerSeven" classname="BlackjackTest" time="0.0"/>
  <testcase name="firstTurnWithKingTenAndDealerAce" classname="BlackjackTest" time="0.0"/>
  <testcase name="firstTurnWithFourTenAndDealerQueen" classname="BlackjackTest" time="0.0"/>
  <testcase name="firstTurnWithFourTenAndDealerSeven" classname="BlackjackTest" time="0.0"/>
  <testcase name="correctParsesEight" classname="BlackjackTest" time="0.001"/>
  <testcase name="correctParsesQueen" classname="BlackjackTest" time="0.0"/>
  <testcase name="correctParsesSeven" classname="BlackjackTest" time="0.0"/>
  <testcase name="correctParsesThree" classname="BlackjackTest" time="0.0"/>
  <testcase name="firstTurnWithJackJackAndDealerAce" classname="BlackjackTest" time="0.001"/>
  <testcase name="firstTurnWithFiveTenAndDealerKing" classname="BlackjackTest" time="0.0"/>
  <testcase name="firstTurnWithEightTenAndDealerAce" classname="BlackjackTest" time="0.0"/>
  <testcase name="blackjackWithJackAceSecond" classname="BlackjackTest" time="0.0"/>
  <testcase name="firstTurnWithSixTenAndDealerAce" classname="BlackjackTest" time="0.0"/>
  <testcase name="firstTurnWithSixTenAndDealerSix" classname="BlackjackTest" time="0.0"/>
  <testcase name="firstTurnWithThreeTenAndDealerSix" classname="BlackjackTest" time="0.0"/>
  <testcase name="noBlackjackWithTwoFigures" classname="BlackjackTest" time="0.0"/>
  <testcase name="firstTurnWithTwoTwoAndDealerAce" classname="BlackjackTest" time="0.0"/>
  <testcase name="firstTurnWithAceKingAndDealerQueen" classname="BlackjackTest" time="0.0"/>
  <testcase name="firstTurnWithTwoEightAndDealerTwo" classname="BlackjackTest" time="0.0"/>
  <testcase name="firstTurnWithKingKingAndDealerAce" classname="BlackjackTest" time="0.0"/>
  <testcase name="firstTurnWithJackAceAndDealerAce" classname="BlackjackTest" time="0.0"/>
  <testcase name="firstTurnWithFiveFiveAndAce" classname="BlackjackTest" time="0.0"/>
  <testcase name="noBlackjackWithKingAndFive" classname="BlackjackTest" time="0.0"/>
  <testcase name="firstTurnWithTwoTenAndDealerSix" classname="BlackjackTest" time="0.0"/>
  <testcase name="firstTurnWithFiveTenAndDealerSeven" classname="BlackjackTest" time="0.0"/>
  <testcase name="blackjackWithTenAceSecond" classname="BlackjackTest" time="0.0"/>
  <testcase name="firstTurnWithTwoTwoAndDealerFive" classname="BlackjackTest" time="0.001"/>
  <testcase name="firstTurnWithFourTenAndDealerSix" classname="BlackjackTest" time="0.0"/>
  <testcase name="noBlackjackWithTwoAces" classname="BlackjackTest" time="0.0"/>
  <testcase name="correctParsesAce" classname="BlackjackTest" time="0.0"/>
  <testcase name="correctParsesSix" classname="BlackjackTest" time="0.0"/>
  <testcase name="correctParsesTen" classname="BlackjackTest" time="0.0"/>
  <testcase name="correctParsesTwo" classname="BlackjackTest" time="0.0"/>
  <testcase name="firstTurnWithNineTenAndDealerAce" classname="BlackjackTest" time="0.0"/>
  <testcase name="firstTurnWithKingAceAndDealerNine" classname="BlackjackTest" time="0.001"/>
  <testcase name="blackjackWithQueenAceSecond" classname="BlackjackTest" time="0.0"/>
  <testcase name="correctParsesFive" classname="BlackjackTest" time="0.0"/>
  <testcase name="correctParsesFour" classname="BlackjackTest" time="0.0"/>
  <testcase name="correctParsesJack" classname="BlackjackTest" time="0.0"/>
  <testcase name="correctParsesKing" classname="BlackjackTest" time="0.0"/>
  <testcase name="correctParsesNine" classname="BlackjackTest" time="0.001"/>
  <testcase name="firstTurnWithSixTenAndDealerSeven" classname="BlackjackTest" time="0.0"/>
  <testcase name="firstTurnWithTenAceAndDealerFive" classname="BlackjackTest" time="0.0"/>
  <testcase name="firstTurnWithFiveTenAndDealerSix" classname="BlackjackTest" time="0.0"/>
  <testcase name="firstTurnWithTwoThreeAndDealerQueen" classname="BlackjackTest" time="0.0"/>
  <testcase name="noBlackjackWithEightAndFive" classname="BlackjackTest" time="0.0"/>
  <testcase name="firstTurnWithThreeTenAndDealerQueen" classname="BlackjackTest" time="0.0"/>
  <testcase name="firstTurnWithThreeTenAndDealerSeven" classname="BlackjackTest" time="0.001"/>
  <testcase name="noBlackjackWithFive" classname="BlackjackTest" time="0.0"/>
  <testcase name="noBlackjackWithNine" classname="BlackjackTest" time="0.0"/>
  <system-out><![CDATA[]]></system-out>
  <system-err><![CDATA[]]></system-err>
</testsuite>
