<?xml version="1.0" encoding="UTF-8"?>
<testsuite name="ResistorColorDuoTest" tests="5" skipped="0" failures="0" errors="0" timestamp="2022-03-25T16:20:02" hostname="CLEONILDO-JUNIO" time="0.039">
  <properties/>
  <testcase name="testBrownAndBlack" classname="ResistorColorDuoTest" time="0.038"/>
  <testcase name="testBlueAndGrey" classname="ResistorColorDuoTest" time="0.0"/>
  <testcase name="testOrangeAndOrange" classname="ResistorColorDuoTest" time="0.0"/>
  <testcase name="testYellowAndViolet" classname="ResistorColorDuoTest" time="0.0"/>
  <testcase name="testIgnoreAdditionalColors" classname="ResistorColorDuoTest" time="0.0"/>
  <system-out><![CDATA[]]></system-out>
  <system-err><![CDATA[]]></system-err>
</testsuite>
