<?xml version="1.0" encoding="UTF-8"?>
<testsuite name="DifferenceOfSquaresCalculatorTest" tests="9" skipped="0" failures="0" errors="0" timestamp="2022-03-27T17:27:11" hostname="CLEONILDO-JUNIO" time="0.016">
  <properties/>
  <testcase name="testDifferenceOfSquaresUpToHundred" classname="DifferenceOfSquaresCalculatorTest" time="0.015"/>
  <testcase name="testSquareOfSumUpToOne" classname="DifferenceOfSquaresCalculatorTest" time="0.0"/>
  <testcase name="testSquareOfSumUpToHundred" classname="DifferenceOfSquaresCalculatorTest" time="0.0"/>
  <testcase name="testDifferenceOfSquaresUpToOne" classname="DifferenceOfSquaresCalculatorTest" time="0.0"/>
  <testcase name="testSumOfSquaresUpToHundred" classname="DifferenceOfSquaresCalculatorTest" time="0.0"/>
  <testcase name="testSquareOfSumUpToFive" classname="DifferenceOfSquaresCalculatorTest" time="0.0"/>
  <testcase name="testDifferenceOfSquaresUpToFive" classname="DifferenceOfSquaresCalculatorTest" time="0.0"/>
  <testcase name="testSumOfSquaresUpToOne" classname="DifferenceOfSquaresCalculatorTest" time="0.0"/>
  <testcase name="testSumOfSquaresUpToFive" classname="DifferenceOfSquaresCalculatorTest" time="0.0"/>
  <system-out><![CDATA[]]></system-out>
  <system-err><![CDATA[]]></system-err>
</testsuite>
